<?xml version="1.0" encoding="UTF-8"?>
<!-- Generated by org.testng.reporters.JUnitReportReporter -->
<testsuite hostname="mukesh" failures="0" tests="3" name="TestRunner.CucumberTestRunnerLogin" time="20.069" errors="0" timestamp="2024-04-27T13:04:22 IST" skipped="0">
  <testcase classname="TestRunner.CucumberTestRunnerLogin" name="runScenario" time="14.258"/>
  <testcase classname="TestRunner.CucumberTestRunnerLogin" name="runScenario" time="3.213"/>
  <testcase classname="TestRunner.CucumberTestRunnerLogin" name="runScenario" time="2.598"/>
</testsuite> <!-- TestRunner.CucumberTestRunnerLogin -->
