<?xml version="1.0" encoding="UTF-8"?>
<!-- Generated by org.testng.reporters.JUnitReportReporter -->
<testsuite hostname="mukesh" failures="0" tests="1" name="TestRunner.CucumberTestRunner" time="17.292" errors="0" timestamp="2024-04-27T08:53:36 IST" skipped="0">
  <testcase classname="TestRunner.CucumberTestRunner" name="runScenario" time="17.292"/>
</testsuite> <!-- TestRunner.CucumberTestRunner -->
